<?xml version="1.0" encoding="UTF-8"?>
<!-- Generated by org.testng.reporters.JUnitReportReporter -->
<testsuite hostname="LAPTOP-A4T63ADS" failures="0" tests="4" name="com.MyFramework_1.testcases.Login_till_ProdSelectionPage" time="466.904" errors="0" timestamp="2020-11-06T01:12:41 EST" skipped="0">
  <testcase classname="com.MyFramework_1.testcases.Login_till_ProdSelectionPage" name="LoginLinkTest" time="5.250"/>
  <system-out/>
  <testcase classname="com.MyFramework_1.testcases.Login_till_ProdSelectionPage" name="LaunchBOUT" time="50.169"/>
  <system-out/>
  <testcase classname="com.MyFramework_1.testcases.Login_till_ProdSelectionPage" name="selectRecomProd" time="9.299"/>
  <system-out/>
  <testcase classname="com.MyFramework_1.testcases.Login_till_ProdSelectionPage" name="sam" time="402.186"/>
  <system-out/>
</testsuite> <!-- com.MyFramework_1.testcases.Login_till_ProdSelectionPage -->
