<?xml version="1.0" encoding="UTF-8"?>
<!-- Generated by org.testng.reporters.JUnitReportReporter -->
<testsuite hostname="LAPTOP-A4T63ADS" failures="0" tests="5" name="com.MyFramework_1.testcases.Login_till_ProdSelectionPage" time="14.318" errors="0" timestamp="2020-11-16T19:38:12 EST" skipped="3">
  <testcase classname="com.MyFramework_1.testcases.Login_till_ProdSelectionPage" name="LoginLinkTest" time="3.217"/>
  <system-out/>
  <testcase classname="com.MyFramework_1.testcases.Login_till_ProdSelectionPage" name="ipConsolidation" time="11.101"/>
  <system-out/>
  <testcase classname="com.MyFramework_1.testcases.Login_till_ProdSelectionPage" name="LaunchBOUT">
    <skipped/>
  </testcase> <!-- LaunchBOUT -->
  <system-out/>
  <testcase classname="com.MyFramework_1.testcases.Login_till_ProdSelectionPage" name="Product_addition">
    <skipped/>
  </testcase> <!-- Product_addition -->
  <system-out/>
  <testcase classname="com.MyFramework_1.testcases.Login_till_ProdSelectionPage" name="selectRecomProd">
    <skipped/>
  </testcase> <!-- selectRecomProd -->
  <system-out/>
</testsuite> <!-- com.MyFramework_1.testcases.Login_till_ProdSelectionPage -->
