<?xml version="1.0" encoding="UTF-8"?>
<!-- Generated by org.testng.reporters.JUnitReportReporter -->
<testsuite hostname="DESKTOP-V3BAP4H" failures="0" tests="3" name="com.MyFramework_1.testcases.Login_till_ProdSelectionPage" time="56.248" errors="0" timestamp="2020-11-05T17:23:59 EST" skipped="0">
  <testcase classname="com.MyFramework_1.testcases.Login_till_ProdSelectionPage" name="LoginLinkTest" time="5.418"/>
  <system-out/>
  <testcase classname="com.MyFramework_1.testcases.Login_till_ProdSelectionPage" name="LaunchBOUT" time="25.205"/>
  <system-out/>
  <testcase classname="com.MyFramework_1.testcases.Login_till_ProdSelectionPage" name="selectRecomProd" time="25.625"/>
  <system-out/>
</testsuite> <!-- com.MyFramework_1.testcases.Login_till_ProdSelectionPage -->
