<?xml version="1.0" encoding="UTF-8"?>
<!-- Generated by org.testng.reporters.JUnitReportReporter -->
<testsuite hostname="LAPTOP-A4T63ADS" failures="0" tests="5" name="com.MyFramework_1.testcases.Login_till_ProdSelectionPage" time="273.846" errors="0" timestamp="2020-11-24T00:59:23 EST" skipped="2">
  <testcase classname="com.MyFramework_1.testcases.Login_till_ProdSelectionPage" name="LoginLinkTest" time="37.410"/>
  <system-out/>
  <testcase classname="com.MyFramework_1.testcases.Login_till_ProdSelectionPage" name="ipConsolidation" time="5.663"/>
  <system-out/>
  <testcase classname="com.MyFramework_1.testcases.Login_till_ProdSelectionPage" name="Product_addition" time="230.773"/>
  <system-out/>
  <testcase classname="com.MyFramework_1.testcases.Login_till_ProdSelectionPage" name="LaunchBOUT">
    <skipped/>
  </testcase> <!-- LaunchBOUT -->
  <system-out/>
  <testcase classname="com.MyFramework_1.testcases.Login_till_ProdSelectionPage" name="selectRecomProd">
    <skipped/>
  </testcase> <!-- selectRecomProd -->
  <system-out/>
</testsuite> <!-- com.MyFramework_1.testcases.Login_till_ProdSelectionPage -->
